2025-04-01 13:31:02,335 - INFO - 目录已存在: C:\Coding\FinBert\data\processed
2025-04-01 13:31:02,335 - INFO - 目录已存在: C:\Coding\FinBert\results
2025-04-01 14:15:11,747 - INFO - 目录已存在: C:\Coding\FinBert\data\processed
2025-04-01 14:15:11,747 - INFO - 目录已存在: C:\Coding\FinBert\results
2025-04-01 14:15:14,333 - INFO - FinBERT模型加载成功
2025-04-01 14:15:19,894 - INFO - 找到 2 个股票代码
2025-04-01 14:15:19,901 - INFO - 找到 8 个报告
2025-04-01 14:15:26,675 - INFO - 获取报告数据: AAPL_2020
2025-04-01 14:15:26,676 - INFO - 从文件加载报告数据: AAPL_2020
2025-04-01 14:15:40,689 - INFO - 找到 2 个股票代码
2025-04-01 14:15:40,707 - INFO - 找到 8 个报告
2025-04-01 14:15:47,771 - INFO - 找到 2 个股票代码
2025-04-01 14:15:47,777 - INFO - 找到 8 个报告
2025-04-01 14:15:48,994 - INFO - 获取报告数据: AAPL_2022
2025-04-01 14:15:48,995 - INFO - 从文件加载报告数据: AAPL_2022
2025-04-01 14:15:52,622 - INFO - 找到 2 个股票代码
2025-04-01 14:15:52,640 - INFO - 找到 8 个报告
2025-04-01 14:16:16,739 - INFO - 找到 2 个股票代码
2025-04-01 14:16:16,743 - INFO - 找到 8 个报告
2025-04-01 14:16:17,666 - INFO - 获取报告数据: AAPL_2020
2025-04-01 14:16:17,666 - INFO - 从文件加载报告数据: AAPL_2020
2025-04-01 14:16:18,529 - INFO - 找到 2 个股票代码
2025-04-01 14:16:18,545 - INFO - 找到 8 个报告
2025-04-01 14:22:56,623 - INFO - 目录已存在: C:\Coding\FinBert\data\processed
2025-04-01 14:22:56,623 - INFO - 目录已存在: C:\Coding\FinBert\results
2025-04-01 14:22:58,966 - INFO - FinBERT模型加载成功
2025-04-01 14:23:09,108 - INFO - 目录已存在: C:\Coding\FinBert\data\processed
2025-04-01 14:23:09,108 - INFO - 目录已存在: C:\Coding\FinBert\results
2025-04-01 14:23:11,376 - INFO - FinBERT模型加载成功
2025-04-01 14:23:25,875 - INFO - 找到 2 个股票代码
2025-04-01 14:23:25,878 - INFO - 找到 8 个报告
2025-04-01 14:23:39,064 - INFO - 找到 4 个报告
2025-04-01 14:23:40,464 - INFO - 返回 0 条摘要数据
2025-04-01 14:23:40,466 - INFO - 找到 2 个股票代码
2025-04-01 14:23:46,360 - INFO - 找到 2 个股票代码
2025-04-01 14:23:46,372 - INFO - 找到 8 个报告
2025-04-01 14:23:47,372 - INFO - 获取报告数据: AAPL_2020
2025-04-01 14:23:47,374 - INFO - 从文件加载报告数据: AAPL_2020
2025-04-01 14:23:47,374 - WARNING - 报告数据格式不符合要求，将重新分析: AAPL_2020
2025-04-01 14:23:47,374 - INFO - 开始实时分析报告: AAPL_2020
2025-04-01 14:23:48,443 - INFO - 分析完成并保存: AAPL_2020
2025-04-01 14:24:38,789 - INFO - 获取报告数据: AAPL_2020
2025-04-01 14:24:38,798 - INFO - 从文件加载报告数据: AAPL_2020
2025-04-01 14:25:44,276 - INFO - 找到 2 个股票代码
2025-04-01 14:25:44,282 - INFO - 找到 8 个报告
2025-04-01 14:25:46,300 - INFO - 获取报告数据: AAPL_2023
2025-04-01 14:25:46,301 - INFO - 从文件加载报告数据: AAPL_2023
2025-04-01 14:25:46,301 - WARNING - 报告数据格式不符合要求，将重新分析: AAPL_2023
2025-04-01 14:25:46,302 - INFO - 开始实时分析报告: AAPL_2023
2025-04-01 14:25:46,991 - INFO - 分析完成并保存: AAPL_2023
